2026-04-04 23:47:43.468 | INFO     | yolox.core.trainer:before_train:115 - args: Namespace(experiment_name='experiments/LOD_taisp_tiny_day', name=None, dist_backend='nccl', dist_url=None, num_machines=1, machine_rank=0, batch_size=4, devices=None, exp_file='cfg_lod_small', ckpt='./pre-trained/yolox_tiny.pth', resume=False, start_epoch=None, fp16=False, cache=False, occupy=False, opts=[])
2026-04-04 23:47:43.469 | INFO     | yolox.core.trainer:before_train:116 - exp value:
╒══════════════════════╤═════════════════════════════════════════════════╕
│ keys                 │ values                                          │
╞══════════════════════╪═════════════════════════════════════════════════╡
│ seed                 │ 0                                               │
├──────────────────────┼─────────────────────────────────────────────────┤
│ output_dir           │ '/home/jing/projects/SDI/TA-ISP/RAOD'           │
├──────────────────────┼─────────────────────────────────────────────────┤
│ print_interval       │ 20                                              │
├──────────────────────┼─────────────────────────────────────────────────┤
│ eval_interval        │ 5                                               │
├──────────────────────┼─────────────────────────────────────────────────┤
│ num_classes          │ 8                                               │
├──────────────────────┼─────────────────────────────────────────────────┤
│ depth                │ 0.33                                            │
├──────────────────────┼─────────────────────────────────────────────────┤
│ width                │ 0.375                                           │
├──────────────────────┼─────────────────────────────────────────────────┤
│ act                  │ 'silu'                                          │
├──────────────────────┼─────────────────────────────────────────────────┤
│ data_num_workers     │ 4                                               │
├──────────────────────┼─────────────────────────────────────────────────┤
│ input_size           │ (640, 640)                                      │
├──────────────────────┼─────────────────────────────────────────────────┤
│ multiscale_range     │ 5                                               │
├──────────────────────┼─────────────────────────────────────────────────┤
│ data_dir             │ '/home/jing/datasets/LOD_BMVC2021/LOD_BMVC2021' │
├──────────────────────┼─────────────────────────────────────────────────┤
│ train_ann            │ None                                            │
├──────────────────────┼─────────────────────────────────────────────────┤
│ val_ann              │ None                                            │
├──────────────────────┼─────────────────────────────────────────────────┤
│ test_ann             │ None                                            │
├──────────────────────┼─────────────────────────────────────────────────┤
│ train_ims            │ None                                            │
├──────────────────────┼─────────────────────────────────────────────────┤
│ val_ims              │ None                                            │
├──────────────────────┼─────────────────────────────────────────────────┤
│ test_ims             │ None                                            │
├──────────────────────┼─────────────────────────────────────────────────┤
│ mosaic_prob          │ 0.5                                             │
├──────────────────────┼─────────────────────────────────────────────────┤
│ mixup_prob           │ 1.0                                             │
├──────────────────────┼─────────────────────────────────────────────────┤
│ hsv_prob             │ 0.0                                             │
├──────────────────────┼─────────────────────────────────────────────────┤
│ flip_prob            │ 0.5                                             │
├──────────────────────┼─────────────────────────────────────────────────┤
│ degrees              │ 10.0                                            │
├──────────────────────┼─────────────────────────────────────────────────┤
│ translate            │ 0.1                                             │
├──────────────────────┼─────────────────────────────────────────────────┤
│ mosaic_scale         │ (0.5, 1.5)                                      │
├──────────────────────┼─────────────────────────────────────────────────┤
│ mixup_scale          │ (0.5, 1.5)                                      │
├──────────────────────┼─────────────────────────────────────────────────┤
│ shear                │ 2.0                                             │
├──────────────────────┼─────────────────────────────────────────────────┤
│ enable_mixup         │ False                                           │
├──────────────────────┼─────────────────────────────────────────────────┤
│ warmup_epochs        │ 1                                               │
├──────────────────────┼─────────────────────────────────────────────────┤
│ max_epoch            │ 300                                             │
├──────────────────────┼─────────────────────────────────────────────────┤
│ warmup_lr            │ 0                                               │
├──────────────────────┼─────────────────────────────────────────────────┤
│ basic_lr_per_img     │ 0.00015625                                      │
├──────────────────────┼─────────────────────────────────────────────────┤
│ scheduler            │ 'yoloxwarmcos'                                  │
├──────────────────────┼─────────────────────────────────────────────────┤
│ no_aug_epochs        │ 15                                              │
├──────────────────────┼─────────────────────────────────────────────────┤
│ min_lr_ratio         │ 0.05                                            │
├──────────────────────┼─────────────────────────────────────────────────┤
│ ema                  │ True                                            │
├──────────────────────┼─────────────────────────────────────────────────┤
│ weight_decay         │ 0.0005                                          │
├──────────────────────┼─────────────────────────────────────────────────┤
│ momentum             │ 0.9                                             │
├──────────────────────┼─────────────────────────────────────────────────┤
│ exp_name             │ 'cfg_lod_small'                                 │
├──────────────────────┼─────────────────────────────────────────────────┤
│ test_size            │ (640, 640)                                      │
├──────────────────────┼─────────────────────────────────────────────────┤
│ test_conf            │ 0.001                                           │
├──────────────────────┼─────────────────────────────────────────────────┤
│ nmsthre              │ 0.65                                            │
├──────────────────────┼─────────────────────────────────────────────────┤
│ gamma_range          │ [2.0, 6.0]                                      │
├──────────────────────┼─────────────────────────────────────────────────┤
│ lod_image_list_train │ 'trainval/train.txt'                            │
├──────────────────────┼─────────────────────────────────────────────────┤
│ lod_image_list_val   │ 'trainval/val.txt'                              │
├──────────────────────┼─────────────────────────────────────────────────┤
│ lod_image_list_test  │ 'trainval/val.txt'                              │
├──────────────────────┼─────────────────────────────────────────────────┤
│ lod_img_subdir       │ 'RAW_dark'                                      │
├──────────────────────┼─────────────────────────────────────────────────┤
│ lod_ann_subdir       │ 'RAW-dark-Annotations'                          │
├──────────────────────┼─────────────────────────────────────────────────┤
│ lod_img_ext          │ '.png'                                          │
├──────────────────────┼─────────────────────────────────────────────────┤
│ lod_dataset_name     │ 'LOD_BMVC2021_RAW_dark'                         │
╘══════════════════════╧═════════════════════════════════════════════════╛
2026-04-04 23:47:43.689 | INFO     | yolox.core.trainer:resume_train:263 - loading checkpoint for fine tuning
2026-04-04 23:47:43.756 | WARNING  | yolox.utils.checkpoint:load_ckpt:17 - TAISP.gain_mlp.0.weight is not in the ckpt. Please double check and see if this is desired.
2026-04-04 23:47:43.757 | WARNING  | yolox.utils.checkpoint:load_ckpt:17 - TAISP.gain_mlp.0.bias is not in the ckpt. Please double check and see if this is desired.
2026-04-04 23:47:43.757 | WARNING  | yolox.utils.checkpoint:load_ckpt:17 - TAISP.gain_mlp.2.weight is not in the ckpt. Please double check and see if this is desired.
2026-04-04 23:47:43.757 | WARNING  | yolox.utils.checkpoint:load_ckpt:17 - TAISP.gain_mlp.2.bias is not in the ckpt. Please double check and see if this is desired.
2026-04-04 23:47:43.757 | WARNING  | yolox.utils.checkpoint:load_ckpt:17 - TAISP.mask_head.weight is not in the ckpt. Please double check and see if this is desired.
2026-04-04 23:47:43.757 | WARNING  | yolox.utils.checkpoint:load_ckpt:17 - TAISP.mask_head.bias is not in the ckpt. Please double check and see if this is desired.
2026-04-04 23:47:43.757 | WARNING  | yolox.utils.checkpoint:load_ckpt:17 - TAISP.weight_mlp.0.weight is not in the ckpt. Please double check and see if this is desired.
2026-04-04 23:47:43.757 | WARNING  | yolox.utils.checkpoint:load_ckpt:17 - TAISP.weight_mlp.0.bias is not in the ckpt. Please double check and see if this is desired.
2026-04-04 23:47:43.757 | WARNING  | yolox.utils.checkpoint:load_ckpt:17 - TAISP.weight_mlp.2.weight is not in the ckpt. Please double check and see if this is desired.
2026-04-04 23:47:43.757 | WARNING  | yolox.utils.checkpoint:load_ckpt:17 - TAISP.weight_mlp.2.bias is not in the ckpt. Please double check and see if this is desired.
2026-04-04 23:47:43.757 | WARNING  | yolox.utils.checkpoint:load_ckpt:17 - TAISP.attn.branch_convs.0.weight is not in the ckpt. Please double check and see if this is desired.
2026-04-04 23:47:43.757 | WARNING  | yolox.utils.checkpoint:load_ckpt:17 - TAISP.attn.branch_convs.0.bias is not in the ckpt. Please double check and see if this is desired.
2026-04-04 23:47:43.758 | WARNING  | yolox.utils.checkpoint:load_ckpt:17 - TAISP.attn.branch_convs.1.weight is not in the ckpt. Please double check and see if this is desired.
2026-04-04 23:47:43.758 | WARNING  | yolox.utils.checkpoint:load_ckpt:17 - TAISP.attn.branch_convs.1.bias is not in the ckpt. Please double check and see if this is desired.
2026-04-04 23:47:43.758 | WARNING  | yolox.utils.checkpoint:load_ckpt:17 - TAISP.attn.gate_proj.weight is not in the ckpt. Please double check and see if this is desired.
2026-04-04 23:47:43.758 | WARNING  | yolox.utils.checkpoint:load_ckpt:17 - TAISP.attn.gate_proj.bias is not in the ckpt. Please double check and see if this is desired.
2026-04-04 23:47:43.758 | WARNING  | yolox.utils.checkpoint:load_ckpt:17 - backbone.backbone.stem.conv.weight is not in the ckpt. Please double check and see if this is desired.
2026-04-04 23:47:43.758 | WARNING  | yolox.utils.checkpoint:load_ckpt:17 - backbone.backbone.stem.bn.weight is not in the ckpt. Please double check and see if this is desired.
2026-04-04 23:47:43.758 | WARNING  | yolox.utils.checkpoint:load_ckpt:17 - backbone.backbone.stem.bn.bias is not in the ckpt. Please double check and see if this is desired.
2026-04-04 23:47:43.758 | WARNING  | yolox.utils.checkpoint:load_ckpt:17 - backbone.backbone.stem.bn.running_mean is not in the ckpt. Please double check and see if this is desired.
2026-04-04 23:47:43.758 | WARNING  | yolox.utils.checkpoint:load_ckpt:17 - backbone.backbone.stem.bn.running_var is not in the ckpt. Please double check and see if this is desired.
2026-04-04 23:47:43.758 | WARNING  | yolox.utils.checkpoint:load_ckpt:17 - backbone.backbone.stem.bn.num_batches_tracked is not in the ckpt. Please double check and see if this is desired.
2026-04-04 23:47:43.759 | WARNING  | yolox.utils.checkpoint:load_ckpt:25 - Shape of head.cls_preds.0.weight in checkpoint is torch.Size([80, 96, 1, 1]), while shape of head.cls_preds.0.weight in model is torch.Size([8, 96, 1, 1]).
2026-04-04 23:47:43.759 | WARNING  | yolox.utils.checkpoint:load_ckpt:25 - Shape of head.cls_preds.0.bias in checkpoint is torch.Size([80]), while shape of head.cls_preds.0.bias in model is torch.Size([8]).
2026-04-04 23:47:43.759 | WARNING  | yolox.utils.checkpoint:load_ckpt:25 - Shape of head.cls_preds.1.weight in checkpoint is torch.Size([80, 96, 1, 1]), while shape of head.cls_preds.1.weight in model is torch.Size([8, 96, 1, 1]).
2026-04-04 23:47:43.759 | WARNING  | yolox.utils.checkpoint:load_ckpt:25 - Shape of head.cls_preds.1.bias in checkpoint is torch.Size([80]), while shape of head.cls_preds.1.bias in model is torch.Size([8]).
2026-04-04 23:47:43.759 | WARNING  | yolox.utils.checkpoint:load_ckpt:25 - Shape of head.cls_preds.2.weight in checkpoint is torch.Size([80, 96, 1, 1]), while shape of head.cls_preds.2.weight in model is torch.Size([8, 96, 1, 1]).
2026-04-04 23:47:43.759 | WARNING  | yolox.utils.checkpoint:load_ckpt:25 - Shape of head.cls_preds.2.bias in checkpoint is torch.Size([80]), while shape of head.cls_preds.2.bias in model is torch.Size([8]).
2026-04-04 23:47:43.860 | INFO     | yolox.core.trainer:before_train:135 - init prefetcher, this might take one minute or less...
2026-04-04 23:47:44.265 | INFO     | yolox.core.trainer:before_train:159 - Training start...
2026-04-04 23:47:44.268 | INFO     | yolox.core.trainer:before_train:160 - 
YOLOX(
  (TAISP): MultipleMaskISP_Conv(
    (gain_mlp): Sequential(
      (0): Linear(in_features=6, out_features=64, bias=True)
      (1): ReLU(inplace=True)
      (2): Linear(in_features=64, out_features=3, bias=True)
      (3): Softplus(beta=1.0, threshold=20.0)
    )
    (mask_head): Conv2d(3, 16, kernel_size=(3, 3), stride=(1, 1), padding=(1, 1))
    (weight_mlp): Sequential(
      (0): Linear(in_features=16, out_features=64, bias=True)
      (1): ReLU(inplace=True)
      (2): Linear(in_features=64, out_features=16, bias=True)
    )
    (attn): MultiScaleSpatialAttention(
      (branch_convs): ModuleList(
        (0): Conv2d(2, 1, kernel_size=(3, 3), stride=(1, 1), padding=(1, 1))
        (1): Conv2d(2, 1, kernel_size=(5, 5), stride=(1, 1), padding=(2, 2))
      )
      (gate_proj): Conv2d(3, 2, kernel_size=(1, 1), stride=(1, 1))
    )
  )
  (backbone): YOLOPAFPN(
    (backbone): CSPDarknet(
      (stem): BaseConvStem(
        (conv): Conv2d(3, 24, kernel_size=(4, 4), stride=(4, 4), bias=False)
        (bn): BatchNorm2d(24, eps=0.001, momentum=0.03, affine=True, track_running_stats=True)
        (act): SiLU(inplace=True)
      )
      (dark2): Sequential(
        (0): BaseConv(
          (conv): Conv2d(24, 48, kernel_size=(3, 3), stride=(2, 2), padding=(1, 1), bias=False)
          (bn): BatchNorm2d(48, eps=0.001, momentum=0.03, affine=True, track_running_stats=True)
          (act): SiLU(inplace=True)
        )
        (1): CSPLayer(
          (conv1): BaseConv(
            (conv): Conv2d(48, 24, kernel_size=(1, 1), stride=(1, 1), bias=False)
            (bn): BatchNorm2d(24, eps=0.001, momentum=0.03, affine=True, track_running_stats=True)
            (act): SiLU(inplace=True)
          )
          (conv2): BaseConv(
            (conv): Conv2d(48, 24, kernel_size=(1, 1), stride=(1, 1), bias=False)
            (bn): BatchNorm2d(24, eps=0.001, momentum=0.03, affine=True, track_running_stats=True)
            (act): SiLU(inplace=True)
          )
          (conv3): BaseConv(
            (conv): Conv2d(48, 48, kernel_size=(1, 1), stride=(1, 1), bias=False)
            (bn): BatchNorm2d(48, eps=0.001, momentum=0.03, affine=True, track_running_stats=True)
            (act): SiLU(inplace=True)
          )
          (m): Sequential(
            (0): Bottleneck(
              (conv1): BaseConv(
                (conv): Conv2d(24, 24, kernel_size=(1, 1), stride=(1, 1), bias=False)
                (bn): BatchNorm2d(24, eps=0.001, momentum=0.03, affine=True, track_running_stats=True)
                (act): SiLU(inplace=True)
              )
              (conv2): BaseConv(
                (conv): Conv2d(24, 24, kernel_size=(3, 3), stride=(1, 1), padding=(1, 1), bias=False)
                (bn): BatchNorm2d(24, eps=0.001, momentum=0.03, affine=True, track_running_stats=True)
                (act): SiLU(inplace=True)
              )
            )
          )
        )
      )
      (dark3): Sequential(
        (0): BaseConv(
          (conv): Conv2d(48, 96, kernel_size=(3, 3), stride=(2, 2), padding=(1, 1), bias=False)
          (bn): BatchNorm2d(96, eps=0.001, momentum=0.03, affine=True, track_running_stats=True)
          (act): SiLU(inplace=True)
        )
        (1): CSPLayer(
          (conv1): BaseConv(
            (conv): Conv2d(96, 48, kernel_size=(1, 1), stride=(1, 1), bias=False)
            (bn): BatchNorm2d(48, eps=0.001, momentum=0.03, affine=True, track_running_stats=True)
            (act): SiLU(inplace=True)
          )
          (conv2): BaseConv(
            (conv): Conv2d(96, 48, kernel_size=(1, 1), stride=(1, 1), bias=False)
            (bn): BatchNorm2d(48, eps=0.001, momentum=0.03, affine=True, track_running_stats=True)
            (act): SiLU(inplace=True)
          )
          (conv3): BaseConv(
            (conv): Conv2d(96, 96, kernel_size=(1, 1), stride=(1, 1), bias=False)
            (bn): BatchNorm2d(96, eps=0.001, momentum=0.03, affine=True, track_running_stats=True)
            (act): SiLU(inplace=True)
          )
          (m): Sequential(
            (0): Bottleneck(
              (conv1): BaseConv(
                (conv): Conv2d(48, 48, kernel_size=(1, 1), stride=(1, 1), bias=False)
                (bn): BatchNorm2d(48, eps=0.001, momentum=0.03, affine=True, track_running_stats=True)
                (act): SiLU(inplace=True)
              )
              (conv2): BaseConv(
                (conv): Conv2d(48, 48, kernel_size=(3, 3), stride=(1, 1), padding=(1, 1), bias=False)
                (bn): BatchNorm2d(48, eps=0.001, momentum=0.03, affine=True, track_running_stats=True)
                (act): SiLU(inplace=True)
              )
            )
            (1): Bottleneck(
              (conv1): BaseConv(
                (conv): Conv2d(48, 48, kernel_size=(1, 1), stride=(1, 1), bias=False)
                (bn): BatchNorm2d(48, eps=0.001, momentum=0.03, affine=True, track_running_stats=True)
                (act): SiLU(inplace=True)
              )
              (conv2): BaseConv(
                (conv): Conv2d(48, 48, kernel_size=(3, 3), stride=(1, 1), padding=(1, 1), bias=False)
                (bn): BatchNorm2d(48, eps=0.001, momentum=0.03, affine=True, track_running_stats=True)
                (act): SiLU(inplace=True)
              )
            )
            (2): Bottleneck(
              (conv1): BaseConv(
                (conv): Conv2d(48, 48, kernel_size=(1, 1), stride=(1, 1), bias=False)
                (bn): BatchNorm2d(48, eps=0.001, momentum=0.03, affine=True, track_running_stats=True)
                (act): SiLU(inplace=True)
              )
              (conv2): BaseConv(
                (conv): Conv2d(48, 48, kernel_size=(3, 3), stride=(1, 1), padding=(1, 1), bias=False)
                (bn): BatchNorm2d(48, eps=0.001, momentum=0.03, affine=True, track_running_stats=True)
                (act): SiLU(inplace=True)
              )
            )
          )
        )
      )
      (dark4): Sequential(
        (0): BaseConv(
          (conv): Conv2d(96, 192, kernel_size=(3, 3), stride=(2, 2), padding=(1, 1), bias=False)
          (bn): BatchNorm2d(192, eps=0.001, momentum=0.03, affine=True, track_running_stats=True)
          (act): SiLU(inplace=True)
        )
        (1): CSPLayer(
          (conv1): BaseConv(
            (conv): Conv2d(192, 96, kernel_size=(1, 1), stride=(1, 1), bias=False)
            (bn): BatchNorm2d(96, eps=0.001, momentum=0.03, affine=True, track_running_stats=True)
            (act): SiLU(inplace=True)
          )
          (conv2): BaseConv(
            (conv): Conv2d(192, 96, kernel_size=(1, 1), stride=(1, 1), bias=False)
            (bn): BatchNorm2d(96, eps=0.001, momentum=0.03, affine=True, track_running_stats=True)
            (act): SiLU(inplace=True)
          )
          (conv3): BaseConv(
            (conv): Conv2d(192, 192, kernel_size=(1, 1), stride=(1, 1), bias=False)
            (bn): BatchNorm2d(192, eps=0.001, momentum=0.03, affine=True, track_running_stats=True)
            (act): SiLU(inplace=True)
          )
          (m): Sequential(
            (0): Bottleneck(
              (conv1): BaseConv(
                (conv): Conv2d(96, 96, kernel_size=(1, 1), stride=(1, 1), bias=False)
                (bn): BatchNorm2d(96, eps=0.001, momentum=0.03, affine=True, track_running_stats=True)
                (act): SiLU(inplace=True)
              )
              (conv2): BaseConv(
                (conv): Conv2d(96, 96, kernel_size=(3, 3), stride=(1, 1), padding=(1, 1), bias=False)
                (bn): BatchNorm2d(96, eps=0.001, momentum=0.03, affine=True, track_running_stats=True)
                (act): SiLU(inplace=True)
              )
            )
            (1): Bottleneck(
              (conv1): BaseConv(
                (conv): Conv2d(96, 96, kernel_size=(1, 1), stride=(1, 1), bias=False)
                (bn): BatchNorm2d(96, eps=0.001, momentum=0.03, affine=True, track_running_stats=True)
                (act): SiLU(inplace=True)
              )
              (conv2): BaseConv(
                (conv): Conv2d(96, 96, kernel_size=(3, 3), stride=(1, 1), padding=(1, 1), bias=False)
                (bn): BatchNorm2d(96, eps=0.001, momentum=0.03, affine=True, track_running_stats=True)
                (act): SiLU(inplace=True)
              )
            )
            (2): Bottleneck(
              (conv1): BaseConv(
                (conv): Conv2d(96, 96, kernel_size=(1, 1), stride=(1, 1), bias=False)
                (bn): BatchNorm2d(96, eps=0.001, momentum=0.03, affine=True, track_running_stats=True)
                (act): SiLU(inplace=True)
              )
              (conv2): BaseConv(
                (conv): Conv2d(96, 96, kernel_size=(3, 3), stride=(1, 1), padding=(1, 1), bias=False)
                (bn): BatchNorm2d(96, eps=0.001, momentum=0.03, affine=True, track_running_stats=True)
                (act): SiLU(inplace=True)
              )
            )
          )
        )
      )
      (dark5): Sequential(
        (0): BaseConv(
          (conv): Conv2d(192, 384, kernel_size=(3, 3), stride=(2, 2), padding=(1, 1), bias=False)
          (bn): BatchNorm2d(384, eps=0.001, momentum=0.03, affine=True, track_running_stats=True)
          (act): SiLU(inplace=True)
        )
        (1): SPPBottleneck(
          (conv1): BaseConv(
            (conv): Conv2d(384, 192, kernel_size=(1, 1), stride=(1, 1), bias=False)
            (bn): BatchNorm2d(192, eps=0.001, momentum=0.03, affine=True, track_running_stats=True)
            (act): SiLU(inplace=True)
          )
          (m): ModuleList(
            (0): MaxPool2d(kernel_size=5, stride=1, padding=2, dilation=1, ceil_mode=False)
            (1): MaxPool2d(kernel_size=9, stride=1, padding=4, dilation=1, ceil_mode=False)
            (2): MaxPool2d(kernel_size=13, stride=1, padding=6, dilation=1, ceil_mode=False)
          )
          (conv2): BaseConv(
            (conv): Conv2d(768, 384, kernel_size=(1, 1), stride=(1, 1), bias=False)
            (bn): BatchNorm2d(384, eps=0.001, momentum=0.03, affine=True, track_running_stats=True)
            (act): SiLU(inplace=True)
          )
        )
        (2): CSPLayer(
          (conv1): BaseConv(
            (conv): Conv2d(384, 192, kernel_size=(1, 1), stride=(1, 1), bias=False)
            (bn): BatchNorm2d(192, eps=0.001, momentum=0.03, affine=True, track_running_stats=True)
            (act): SiLU(inplace=True)
          )
          (conv2): BaseConv(
            (conv): Conv2d(384, 192, kernel_size=(1, 1), stride=(1, 1), bias=False)
            (bn): BatchNorm2d(192, eps=0.001, momentum=0.03, affine=True, track_running_stats=True)
            (act): SiLU(inplace=True)
          )
          (conv3): BaseConv(
            (conv): Conv2d(384, 384, kernel_size=(1, 1), stride=(1, 1), bias=False)
            (bn): BatchNorm2d(384, eps=0.001, momentum=0.03, affine=True, track_running_stats=True)
            (act): SiLU(inplace=True)
          )
          (m): Sequential(
            (0): Bottleneck(
              (conv1): BaseConv(
                (conv): Conv2d(192, 192, kernel_size=(1, 1), stride=(1, 1), bias=False)
                (bn): BatchNorm2d(192, eps=0.001, momentum=0.03, affine=True, track_running_stats=True)
                (act): SiLU(inplace=True)
              )
              (conv2): BaseConv(
                (conv): Conv2d(192, 192, kernel_size=(3, 3), stride=(1, 1), padding=(1, 1), bias=False)
                (bn): BatchNorm2d(192, eps=0.001, momentum=0.03, affine=True, track_running_stats=True)
                (act): SiLU(inplace=True)
              )
            )
          )
        )
      )
    )
    (upsample): Upsample(scale_factor=2.0, mode='nearest')
    (lateral_conv0): BaseConv(
      (conv): Conv2d(384, 192, kernel_size=(1, 1), stride=(1, 1), bias=False)
      (bn): BatchNorm2d(192, eps=0.001, momentum=0.03, affine=True, track_running_stats=True)
      (act): SiLU(inplace=True)
    )
    (C3_p4): CSPLayer(
      (conv1): BaseConv(
        (conv): Conv2d(384, 96, kernel_size=(1, 1), stride=(1, 1), bias=False)
        (bn): BatchNorm2d(96, eps=0.001, momentum=0.03, affine=True, track_running_stats=True)
        (act): SiLU(inplace=True)
      )
      (conv2): BaseConv(
        (conv): Conv2d(384, 96, kernel_size=(1, 1), stride=(1, 1), bias=False)
        (bn): BatchNorm2d(96, eps=0.001, momentum=0.03, affine=True, track_running_stats=True)
        (act): SiLU(inplace=True)
      )
      (conv3): BaseConv(
        (conv): Conv2d(192, 192, kernel_size=(1, 1), stride=(1, 1), bias=False)
        (bn): BatchNorm2d(192, eps=0.001, momentum=0.03, affine=True, track_running_stats=True)
        (act): SiLU(inplace=True)
      )
      (m): Sequential(
        (0): Bottleneck(
          (conv1): BaseConv(
            (conv): Conv2d(96, 96, kernel_size=(1, 1), stride=(1, 1), bias=False)
            (bn): BatchNorm2d(96, eps=0.001, momentum=0.03, affine=True, track_running_stats=True)
            (act): SiLU(inplace=True)
          )
          (conv2): BaseConv(
            (conv): Conv2d(96, 96, kernel_size=(3, 3), stride=(1, 1), padding=(1, 1), bias=False)
            (bn): BatchNorm2d(96, eps=0.001, momentum=0.03, affine=True, track_running_stats=True)
            (act): SiLU(inplace=True)
          )
        )
      )
    )
    (reduce_conv1): BaseConv(
      (conv): Conv2d(192, 96, kernel_size=(1, 1), stride=(1, 1), bias=False)
      (bn): BatchNorm2d(96, eps=0.001, momentum=0.03, affine=True, track_running_stats=True)
      (act): SiLU(inplace=True)
    )
    (C3_p3): CSPLayer(
      (conv1): BaseConv(
        (conv): Conv2d(192, 48, kernel_size=(1, 1), stride=(1, 1), bias=False)
        (bn): BatchNorm2d(48, eps=0.001, momentum=0.03, affine=True, track_running_stats=True)
        (act): SiLU(inplace=True)
      )
      (conv2): BaseConv(
        (conv): Conv2d(192, 48, kernel_size=(1, 1), stride=(1, 1), bias=False)
        (bn): BatchNorm2d(48, eps=0.001, momentum=0.03, affine=True, track_running_stats=True)
        (act): SiLU(inplace=True)
      )
      (conv3): BaseConv(
        (conv): Conv2d(96, 96, kernel_size=(1, 1), stride=(1, 1), bias=False)
        (bn): BatchNorm2d(96, eps=0.001, momentum=0.03, affine=True, track_running_stats=True)
        (act): SiLU(inplace=True)
      )
      (m): Sequential(
        (0): Bottleneck(
          (conv1): BaseConv(
            (conv): Conv2d(48, 48, kernel_size=(1, 1), stride=(1, 1), bias=False)
            (bn): BatchNorm2d(48, eps=0.001, momentum=0.03, affine=True, track_running_stats=True)
            (act): SiLU(inplace=True)
          )
          (conv2): BaseConv(
            (conv): Conv2d(48, 48, kernel_size=(3, 3), stride=(1, 1), padding=(1, 1), bias=False)
            (bn): BatchNorm2d(48, eps=0.001, momentum=0.03, affine=True, track_running_stats=True)
            (act): SiLU(inplace=True)
          )
        )
      )
    )
    (bu_conv2): BaseConv(
      (conv): Conv2d(96, 96, kernel_size=(3, 3), stride=(2, 2), padding=(1, 1), bias=False)
      (bn): BatchNorm2d(96, eps=0.001, momentum=0.03, affine=True, track_running_stats=True)
      (act): SiLU(inplace=True)
    )
    (C3_n3): CSPLayer(
      (conv1): BaseConv(
        (conv): Conv2d(192, 96, kernel_size=(1, 1), stride=(1, 1), bias=False)
        (bn): BatchNorm2d(96, eps=0.001, momentum=0.03, affine=True, track_running_stats=True)
        (act): SiLU(inplace=True)
      )
      (conv2): BaseConv(
        (conv): Conv2d(192, 96, kernel_size=(1, 1), stride=(1, 1), bias=False)
        (bn): BatchNorm2d(96, eps=0.001, momentum=0.03, affine=True, track_running_stats=True)
        (act): SiLU(inplace=True)
      )
      (conv3): BaseConv(
        (conv): Conv2d(192, 192, kernel_size=(1, 1), stride=(1, 1), bias=False)
        (bn): BatchNorm2d(192, eps=0.001, momentum=0.03, affine=True, track_running_stats=True)
        (act): SiLU(inplace=True)
      )
      (m): Sequential(
        (0): Bottleneck(
          (conv1): BaseConv(
            (conv): Conv2d(96, 96, kernel_size=(1, 1), stride=(1, 1), bias=False)
            (bn): BatchNorm2d(96, eps=0.001, momentum=0.03, affine=True, track_running_stats=True)
            (act): SiLU(inplace=True)
          )
          (conv2): BaseConv(
            (conv): Conv2d(96, 96, kernel_size=(3, 3), stride=(1, 1), padding=(1, 1), bias=False)
            (bn): BatchNorm2d(96, eps=0.001, momentum=0.03, affine=True, track_running_stats=True)
            (act): SiLU(inplace=True)
          )
        )
      )
    )
    (bu_conv1): BaseConv(
      (conv): Conv2d(192, 192, kernel_size=(3, 3), stride=(2, 2), padding=(1, 1), bias=False)
      (bn): BatchNorm2d(192, eps=0.001, momentum=0.03, affine=True, track_running_stats=True)
      (act): SiLU(inplace=True)
    )
    (C3_n4): CSPLayer(
      (conv1): BaseConv(
        (conv): Conv2d(384, 192, kernel_size=(1, 1), stride=(1, 1), bias=False)
        (bn): BatchNorm2d(192, eps=0.001, momentum=0.03, affine=True, track_running_stats=True)
        (act): SiLU(inplace=True)
      )
      (conv2): BaseConv(
        (conv): Conv2d(384, 192, kernel_size=(1, 1), stride=(1, 1), bias=False)
        (bn): BatchNorm2d(192, eps=0.001, momentum=0.03, affine=True, track_running_stats=True)
        (act): SiLU(inplace=True)
      )
      (conv3): BaseConv(
        (conv): Conv2d(384, 384, kernel_size=(1, 1), stride=(1, 1), bias=False)
        (bn): BatchNorm2d(384, eps=0.001, momentum=0.03, affine=True, track_running_stats=True)
        (act): SiLU(inplace=True)
      )
      (m): Sequential(
        (0): Bottleneck(
          (conv1): BaseConv(
            (conv): Conv2d(192, 192, kernel_size=(1, 1), stride=(1, 1), bias=False)
            (bn): BatchNorm2d(192, eps=0.001, momentum=0.03, affine=True, track_running_stats=True)
            (act): SiLU(inplace=True)
          )
          (conv2): BaseConv(
            (conv): Conv2d(192, 192, kernel_size=(3, 3), stride=(1, 1), padding=(1, 1), bias=False)
            (bn): BatchNorm2d(192, eps=0.001, momentum=0.03, affine=True, track_running_stats=True)
            (act): SiLU(inplace=True)
          )
        )
      )
    )
  )
  (head): YOLOXHead(
    (cls_convs): ModuleList(
      (0-2): 3 x Sequential(
        (0): BaseConv(
          (conv): Conv2d(96, 96, kernel_size=(3, 3), stride=(1, 1), padding=(1, 1), bias=False)
          (bn): BatchNorm2d(96, eps=0.001, momentum=0.03, affine=True, track_running_stats=True)
          (act): SiLU(inplace=True)
        )
        (1): BaseConv(
          (conv): Conv2d(96, 96, kernel_size=(3, 3), stride=(1, 1), padding=(1, 1), bias=False)
          (bn): BatchNorm2d(96, eps=0.001, momentum=0.03, affine=True, track_running_stats=True)
          (act): SiLU(inplace=True)
        )
      )
    )
    (reg_convs): ModuleList(
      (0-2): 3 x Sequential(
        (0): BaseConv(
          (conv): Conv2d(96, 96, kernel_size=(3, 3), stride=(1, 1), padding=(1, 1), bias=False)
          (bn): BatchNorm2d(96, eps=0.001, momentum=0.03, affine=True, track_running_stats=True)
          (act): SiLU(inplace=True)
        )
        (1): BaseConv(
          (conv): Conv2d(96, 96, kernel_size=(3, 3), stride=(1, 1), padding=(1, 1), bias=False)
          (bn): BatchNorm2d(96, eps=0.001, momentum=0.03, affine=True, track_running_stats=True)
          (act): SiLU(inplace=True)
        )
      )
    )
    (cls_preds): ModuleList(
      (0-2): 3 x Conv2d(96, 8, kernel_size=(1, 1), stride=(1, 1))
    )
    (reg_preds): ModuleList(
      (0-2): 3 x Conv2d(96, 4, kernel_size=(1, 1), stride=(1, 1))
    )
    (obj_preds): ModuleList(
      (0-2): 3 x Conv2d(96, 1, kernel_size=(1, 1), stride=(1, 1))
    )
    (stems): ModuleList(
      (0): BaseConv(
        (conv): Conv2d(96, 96, kernel_size=(1, 1), stride=(1, 1), bias=False)
        (bn): BatchNorm2d(96, eps=0.001, momentum=0.03, affine=True, track_running_stats=True)
        (act): SiLU(inplace=True)
      )
      (1): BaseConv(
        (conv): Conv2d(192, 96, kernel_size=(1, 1), stride=(1, 1), bias=False)
        (bn): BatchNorm2d(96, eps=0.001, momentum=0.03, affine=True, track_running_stats=True)
        (act): SiLU(inplace=True)
      )
      (2): BaseConv(
        (conv): Conv2d(384, 96, kernel_size=(1, 1), stride=(1, 1), bias=False)
        (bn): BatchNorm2d(96, eps=0.001, momentum=0.03, affine=True, track_running_stats=True)
        (act): SiLU(inplace=True)
      )
    )
    (l1_loss): L1Loss()
    (bcewithlog_loss): BCEWithLogitsLoss()
    (iou_loss): IOUloss()
  )
)
2026-04-04 23:47:44.268 | INFO     | yolox.core.trainer:before_epoch:166 - ---> start train epoch1
2026-04-04 23:47:50.547 | INFO     | yolox.core.trainer:after_iter:233 - ep:1/300, it:20/450, total_loss:11.124, iou_loss:2.853, l1_loss:0.000, conf_loss:5.406, cls_loss:2.865, lr:1.23e-06, ETA:11:43:52
2026-04-04 23:47:52.654 | INFO     | yolox.core.trainer:after_iter:233 - ep:1/300, it:40/450, total_loss:12.488, iou_loss:3.650, l1_loss:0.000, conf_loss:6.228, cls_loss:2.611, lr:4.94e-06, ETA:7:49:09
2026-04-04 23:47:56.517 | INFO     | yolox.core.trainer:after_iter:233 - ep:1/300, it:60/450, total_loss:8.612, iou_loss:2.147, l1_loss:0.000, conf_loss:4.139, cls_loss:2.326, lr:1.11e-05, ETA:7:36:53
2026-04-04 23:47:59.112 | INFO     | yolox.core.trainer:after_iter:233 - ep:1/300, it:80/450, total_loss:9.979, iou_loss:3.767, l1_loss:0.000, conf_loss:4.203, cls_loss:2.009, lr:1.98e-05, ETA:6:55:05
2026-04-04 23:48:00.586 | INFO     | yolox.core.trainer:after_iter:233 - ep:1/300, it:100/450, total_loss:8.676, iou_loss:2.884, l1_loss:0.000, conf_loss:3.512, cls_loss:2.281, lr:3.09e-05, ETA:6:04:44
2026-04-04 23:48:03.409 | INFO     | yolox.core.trainer:after_iter:233 - ep:1/300, it:120/450, total_loss:6.419, iou_loss:1.914, l1_loss:0.000, conf_loss:2.778, cls_loss:1.727, lr:4.44e-05, ETA:5:56:30
2026-04-04 23:48:05.877 | INFO     | yolox.core.trainer:after_iter:233 - ep:1/300, it:140/450, total_loss:5.042, iou_loss:1.802, l1_loss:0.000, conf_loss:2.242, cls_loss:0.998, lr:6.05e-05, ETA:5:44:52
2026-04-04 23:48:07.940 | INFO     | yolox.core.trainer:after_iter:233 - ep:1/300, it:160/450, total_loss:6.127, iou_loss:2.443, l1_loss:0.000, conf_loss:2.360, cls_loss:1.324, lr:7.90e-05, ETA:5:30:27
2026-04-04 23:48:09.997 | INFO     | yolox.core.trainer:after_iter:233 - ep:1/300, it:180/450, total_loss:8.529, iou_loss:3.154, l1_loss:0.000, conf_loss:3.681, cls_loss:1.694, lr:1.00e-04, ETA:5:19:10
2026-04-04 23:48:11.498 | INFO     | yolox.core.trainer:after_iter:233 - ep:1/300, it:200/450, total_loss:6.578, iou_loss:2.673, l1_loss:0.000, conf_loss:2.603, cls_loss:1.302, lr:1.23e-04, ETA:5:03:56
2026-04-04 23:48:13.078 | INFO     | yolox.core.trainer:after_iter:233 - ep:1/300, it:220/450, total_loss:5.502, iou_loss:2.032, l1_loss:0.000, conf_loss:2.576, cls_loss:0.894, lr:1.49e-04, ETA:4:52:14
2026-04-04 23:48:14.451 | INFO     | yolox.core.trainer:after_iter:233 - ep:1/300, it:240/450, total_loss:4.478, iou_loss:1.771, l1_loss:0.000, conf_loss:1.790, cls_loss:0.916, lr:1.78e-04, ETA:4:40:33
2026-04-04 23:48:15.787 | INFO     | yolox.core.trainer:after_iter:233 - ep:1/300, it:260/450, total_loss:6.846, iou_loss:2.883, l1_loss:0.000, conf_loss:2.779, cls_loss:1.184, lr:2.09e-04, ETA:4:30:20
2026-04-04 23:48:18.803 | INFO     | yolox.core.trainer:after_iter:233 - ep:1/300, it:280/450, total_loss:6.203, iou_loss:1.843, l1_loss:0.000, conf_loss:2.922, cls_loss:1.438, lr:2.42e-04, ETA:4:35:03
2026-04-04 23:48:20.099 | INFO     | yolox.core.trainer:after_train:163 - Training of experiment is done and the best AP50 is 0.00
